2022-09-06 01:07:38,799 (Abstraction) DEBUG Employee is present
2022-09-06 01:07:38,799 (Abstraction) DEBUG Employee wage
2022-09-06 02:12:57,694 (Inheritance) DEBUG bridge_labz company was established in 2015
2022-09-06 02:51:39,793 (Multiple_Inheritance) INFO Shivaraj
2022-09-06 02:51:46,571 (Multi_level_Inheritance) DEBUG Shivaraj
2022-09-06 02:51:46,571 (Multi_level_Inheritance) DEBUG Cheluvesha
2022-09-06 13:26:46,303 (Encapsulation) DEBUG Tyres: 
 	Branch: Pirelli
 	Belted-bias: True
 	Optimal pressure: 2.0
Engine: 
 	Fuel type: Diesel
 	Noise level: 3
Body: 
 	Size: Medium toyota
2022-09-06 14:58:35,600 (Polymorphism) DEBUG 11
2022-09-06 14:58:35,601 (Polymorphism) DEBUG shivraj
2022-09-06 14:58:35,601 (Polymorphism) DEBUG [1, 2, 3, 34, 34, 55, 66]
2022-09-06 14:59:36,713 (Polymorphism_Method_over_loading) DEBUG 16
2022-09-06 14:59:36,713 (Polymorphism_Method_over_loading) DEBUG 12
2022-09-06 14:59:36,713 (Polymorphism_Method_over_loading) DEBUG 17.204

2022-09-06 15:01:12,744 (Polymorphism_Method_over_riding) DEBUG Car max speed is 240
2022-09-06 15:01:12,744 (Polymorphism_Method_over_riding) DEBUG Car change 7 gear
2022-09-06 15:01:12,744 (Polymorphism_Method_over_riding) DEBUG Vehicle max speed is 150
2022-09-06 15:01:12,744 (Polymorphism_Method_over_riding) DEBUG Vehicle change 6 gear
2022-09-06 15:02:20,603 (Polymorphism_Operator_over_loading) DEBUG 3
2022-09-06 15:02:20,603 (Polymorphism_Operator_over_loading) DEBUG ShivarajGowda
